GROUP,PACKAGE,CLASS,INSTRUCTION_MISSED,INSTRUCTION_COVERED,BRANCH_MISSED,BRANCH_COVERED,LINE_MISSED,LINE_COVERED,COMPLEXITY_MISSED,COMPLEXITY_COVERED,METHOD_MISSED,METHOD_COVERED
Payment User Service,com.payment.user.controller,UserController,0,144,0,0,0,31,0,16,0,16
Payment User Service,com.payment.user.service.impl,UserServiceImpl,103,624,30,42,14,129,30,24,0,18
Payment User Service,com.payment.user,PaymentUserApplication,5,3,0,0,2,1,1,1,1,1
Payment User Service,com.payment.user.dto,UserResponse,336,131,86,6,4,22,49,20,3,20
Payment User Service,com.payment.user.dto,UserRegisterRequest,255,60,62,0,0,8,36,14,5,14
Payment User Service,com.payment.user.entity,User,463,94,110,0,1,14,59,27,4,27
